

Version:	3.50
CmdLine:	C:\Users\bitcamp1\github\BuyWebCrawler\BuyWebCrawler.exe --l4j-debug
JNI:		No
WOW64:		Yes
Working dir:	C:\Users\bitcamp1\github\BuyWebCrawler\.
Requires JDK:	No
Requires 64-Bit: No
Java min ver:	
Java max ver:	
Substitute:	JAVA_HOME = 
Substitute:	PATH = C:\Program Files\Common Files\Oracle\Java\javapath;C:\Python311\Scripts\;C:\Python311\;C:\WINDOWS\system32;C:\WINDOWS;C:\WINDOWS\System32\Wbem;C:\WINDOWS\System32\WindowsPowerShell\v1.0\;C:\WINDOWS\System32\OpenSSH\;C:\Program Files\Git\cmd;C:\Program Files\nodejs\;C:\ProgramData\chocolatey\bin;C:\Users\bitcamp1\AppData\Local\Microsoft\WindowsApps;;C:\Users\bitcamp1\AppData\Local\Programs\Microsoft VS Code\bin;C:\Users\bitcamp1\AppData\Roaming\npm;C:\Users\bitcamp1\.fly\bin;C:\Program Files\Java\jdk-17\bin
JRE paths:	;C:\Program Files\Common Files\Oracle\Java\javapath;C:\Python311\Scripts\;C:\Python311\;C:\WINDOWS\system32;C:\WINDOWS;C:\WINDOWS\System32\Wbem;C:\WINDOWS\System32\WindowsPowerShell\v1.0\;C:\WINDOWS\System32\OpenSSH\;C:\Program Files\Git\cmd;C:\Program Files\nodejs\;C:\ProgramData\chocolatey\bin;C:\Users\bitcamp1\AppData\Local\Microsoft\WindowsApps;;C:\Users\bitcamp1\AppData\Local\Programs\Microsoft VS Code\bin;C:\Users\bitcamp1\AppData\Roaming\npm;C:\Users\bitcamp1\.fly\bin;C:\Program Files\Java\jdk-17\bin
Check launcher:	C:\Program Files\Common Files\Oracle\Java\javapath\bin\javaw.exe (not found)
Check launcher:	C:\Python311\Scripts\bin\javaw.exe (not found)
Check launcher:	C:\Python311\bin\javaw.exe (not found)
Check launcher:	C:\WINDOWS\system32\bin\javaw.exe (not found)
Check launcher:	C:\WINDOWS\bin\javaw.exe (not found)
Check launcher:	C:\WINDOWS\System32\Wbem\bin\javaw.exe (not found)
Check launcher:	C:\WINDOWS\System32\WindowsPowerShell\v1.0\bin\javaw.exe (not found)
Check launcher:	C:\WINDOWS\System32\OpenSSH\bin\javaw.exe (not found)
Check launcher:	C:\Program Files\Git\cmd\bin\javaw.exe (not found)
Check launcher:	C:\Program Files\nodejs\bin\javaw.exe (not found)
Check launcher:	C:\ProgramData\chocolatey\bin\javaw.exe (not found)
Check launcher:	C:\Users\bitcamp1\AppData\Local\Microsoft\WindowsApps\bin\javaw.exe (not found)
Check launcher:	C:\Users\bitcamp1\AppData\Local\Programs\Microsoft VS Code\bin\javaw.exe (not found)
Check launcher:	C:\Users\bitcamp1\AppData\Roaming\npm\bin\javaw.exe (not found)
Check launcher:	C:\Users\bitcamp1\.fly\bin\javaw.exe (not found)
Check launcher:	C:\Program Files\Java\jdk-17\bin\javaw.exe (OK)
Version string: 1.017.000_006 / 64-Bit (OK)
Launcher:	C:\Program Files\Java\jdk-17\bin\javaw.exe
Launcher args:	-jar "C:\Users\bitcamp1\github\BuyWebCrawler\BuyWebCrawler.exe"
Args length:	63/32768 chars
Exit code:	0


Version:	3.50
CmdLine:	C:\Users\bitcamp1\github\BuyWebCrawler\BuyWebCrawler.exe --l4j-debug
JNI:		No
WOW64:		Yes
Working dir:	C:\Users\bitcamp1\github\BuyWebCrawler\.
Requires JDK:	No
Requires 64-Bit: No
Java min ver:	
Java max ver:	
Substitute:	JAVA_HOME = 
Substitute:	PATH = C:\Program Files\Common Files\Oracle\Java\javapath;C:\Python311\Scripts\;C:\Python311\;C:\WINDOWS\system32;C:\WINDOWS;C:\WINDOWS\System32\Wbem;C:\WINDOWS\System32\WindowsPowerShell\v1.0\;C:\WINDOWS\System32\OpenSSH\;C:\Program Files\Git\cmd;C:\Program Files\nodejs\;C:\ProgramData\chocolatey\bin;C:\Users\bitcamp1\AppData\Local\Microsoft\WindowsApps;;C:\Users\bitcamp1\AppData\Local\Programs\Microsoft VS Code\bin;C:\Users\bitcamp1\AppData\Roaming\npm;C:\Users\bitcamp1\.fly\bin;C:\Program Files\Java\jdk-17\bin
JRE paths:	;C:\Program Files\Common Files\Oracle\Java\javapath;C:\Python311\Scripts\;C:\Python311\;C:\WINDOWS\system32;C:\WINDOWS;C:\WINDOWS\System32\Wbem;C:\WINDOWS\System32\WindowsPowerShell\v1.0\;C:\WINDOWS\System32\OpenSSH\;C:\Program Files\Git\cmd;C:\Program Files\nodejs\;C:\ProgramData\chocolatey\bin;C:\Users\bitcamp1\AppData\Local\Microsoft\WindowsApps;;C:\Users\bitcamp1\AppData\Local\Programs\Microsoft VS Code\bin;C:\Users\bitcamp1\AppData\Roaming\npm;C:\Users\bitcamp1\.fly\bin;C:\Program Files\Java\jdk-17\bin
Check launcher:	C:\Program Files\Common Files\Oracle\Java\javapath\bin\javaw.exe (not found)
Check launcher:	C:\Python311\Scripts\bin\javaw.exe (not found)
Check launcher:	C:\Python311\bin\javaw.exe (not found)
Check launcher:	C:\WINDOWS\system32\bin\javaw.exe (not found)
Check launcher:	C:\WINDOWS\bin\javaw.exe (not found)
Check launcher:	C:\WINDOWS\System32\Wbem\bin\javaw.exe (not found)
Check launcher:	C:\WINDOWS\System32\WindowsPowerShell\v1.0\bin\javaw.exe (not found)
Check launcher:	C:\WINDOWS\System32\OpenSSH\bin\javaw.exe (not found)
Check launcher:	C:\Program Files\Git\cmd\bin\javaw.exe (not found)
Check launcher:	C:\Program Files\nodejs\bin\javaw.exe (not found)
Check launcher:	C:\ProgramData\chocolatey\bin\javaw.exe (not found)
Check launcher:	C:\Users\bitcamp1\AppData\Local\Microsoft\WindowsApps\bin\javaw.exe (not found)
Check launcher:	C:\Users\bitcamp1\AppData\Local\Programs\Microsoft VS Code\bin\javaw.exe (not found)
Check launcher:	C:\Users\bitcamp1\AppData\Roaming\npm\bin\javaw.exe (not found)
Check launcher:	C:\Users\bitcamp1\.fly\bin\javaw.exe (not found)
Check launcher:	C:\Program Files\Java\jdk-17\bin\javaw.exe (OK)
Version string: 1.017.000_006 / 64-Bit (OK)
Launcher:	C:\Program Files\Java\jdk-17\bin\javaw.exe
Launcher args:	-jar "C:\Users\bitcamp1\github\BuyWebCrawler\BuyWebCrawler.exe"
Args length:	63/32768 chars
Exit code:	0


Version:	3.50
CmdLine:	C:\Users\bitcamp1\github\BuyWebCrawler\BuyWebCrawler.exe --l4j-debug
JNI:		No
WOW64:		Yes
Working dir:	C:\Users\bitcamp1\github\BuyWebCrawler\.
Requires JDK:	No
Requires 64-Bit: No
Java min ver:	
Java max ver:	
Substitute:	JAVA_HOME = 
Substitute:	PATH = C:\Program Files\Common Files\Oracle\Java\javapath;C:\Python311\Scripts\;C:\Python311\;C:\WINDOWS\system32;C:\WINDOWS;C:\WINDOWS\System32\Wbem;C:\WINDOWS\System32\WindowsPowerShell\v1.0\;C:\WINDOWS\System32\OpenSSH\;C:\Program Files\Git\cmd;C:\Program Files\nodejs\;C:\ProgramData\chocolatey\bin;C:\Users\bitcamp1\AppData\Local\Microsoft\WindowsApps;;C:\Users\bitcamp1\AppData\Local\Programs\Microsoft VS Code\bin;C:\Users\bitcamp1\AppData\Roaming\npm;C:\Users\bitcamp1\.fly\bin;C:\Program Files\Java\jdk-17\bin
JRE paths:	;C:\Program Files\Common Files\Oracle\Java\javapath;C:\Python311\Scripts\;C:\Python311\;C:\WINDOWS\system32;C:\WINDOWS;C:\WINDOWS\System32\Wbem;C:\WINDOWS\System32\WindowsPowerShell\v1.0\;C:\WINDOWS\System32\OpenSSH\;C:\Program Files\Git\cmd;C:\Program Files\nodejs\;C:\ProgramData\chocolatey\bin;C:\Users\bitcamp1\AppData\Local\Microsoft\WindowsApps;;C:\Users\bitcamp1\AppData\Local\Programs\Microsoft VS Code\bin;C:\Users\bitcamp1\AppData\Roaming\npm;C:\Users\bitcamp1\.fly\bin;C:\Program Files\Java\jdk-17\bin
Check launcher:	C:\Program Files\Common Files\Oracle\Java\javapath\bin\javaw.exe (not found)
Check launcher:	C:\Python311\Scripts\bin\javaw.exe (not found)
Check launcher:	C:\Python311\bin\javaw.exe (not found)
Check launcher:	C:\WINDOWS\system32\bin\javaw.exe (not found)
Check launcher:	C:\WINDOWS\bin\javaw.exe (not found)
Check launcher:	C:\WINDOWS\System32\Wbem\bin\javaw.exe (not found)
Check launcher:	C:\WINDOWS\System32\WindowsPowerShell\v1.0\bin\javaw.exe (not found)
Check launcher:	C:\WINDOWS\System32\OpenSSH\bin\javaw.exe (not found)
Check launcher:	C:\Program Files\Git\cmd\bin\javaw.exe (not found)
Check launcher:	C:\Program Files\nodejs\bin\javaw.exe (not found)
Check launcher:	C:\ProgramData\chocolatey\bin\javaw.exe (not found)
Check launcher:	C:\Users\bitcamp1\AppData\Local\Microsoft\WindowsApps\bin\javaw.exe (not found)
Check launcher:	C:\Users\bitcamp1\AppData\Local\Programs\Microsoft VS Code\bin\javaw.exe (not found)
Check launcher:	C:\Users\bitcamp1\AppData\Roaming\npm\bin\javaw.exe (not found)
Check launcher:	C:\Users\bitcamp1\.fly\bin\javaw.exe (not found)
Check launcher:	C:\Program Files\Java\jdk-17\bin\javaw.exe (OK)
Version string: 1.017.000_006 / 64-Bit (OK)
Launcher:	C:\Program Files\Java\jdk-17\bin\javaw.exe
Launcher args:	-jar "C:\Users\bitcamp1\github\BuyWebCrawler\BuyWebCrawler.exe"
Args length:	63/32768 chars
Exit code:	0


Version:	3.50
CmdLine:	C:\Users\bitcamp1\github\BuyWebCrawler\BuyWebCrawler.exe --l4j-debug
JNI:		No
WOW64:		Yes
Working dir:	C:\Users\bitcamp1\github\BuyWebCrawler\.
Requires JDK:	No
Requires 64-Bit: No
Java min ver:	
Java max ver:	
Substitute:	JAVA_HOME = 
Substitute:	PATH = C:\Program Files\Common Files\Oracle\Java\javapath;C:\Python311\Scripts\;C:\Python311\;C:\WINDOWS\system32;C:\WINDOWS;C:\WINDOWS\System32\Wbem;C:\WINDOWS\System32\WindowsPowerShell\v1.0\;C:\WINDOWS\System32\OpenSSH\;C:\Program Files\Git\cmd;C:\Program Files\nodejs\;C:\ProgramData\chocolatey\bin;C:\Users\bitcamp1\AppData\Local\Microsoft\WindowsApps;;C:\Users\bitcamp1\AppData\Local\Programs\Microsoft VS Code\bin;C:\Users\bitcamp1\AppData\Roaming\npm;C:\Users\bitcamp1\.fly\bin;C:\Program Files\Java\jdk-17\bin
JRE paths:	;C:\Program Files\Common Files\Oracle\Java\javapath;C:\Python311\Scripts\;C:\Python311\;C:\WINDOWS\system32;C:\WINDOWS;C:\WINDOWS\System32\Wbem;C:\WINDOWS\System32\WindowsPowerShell\v1.0\;C:\WINDOWS\System32\OpenSSH\;C:\Program Files\Git\cmd;C:\Program Files\nodejs\;C:\ProgramData\chocolatey\bin;C:\Users\bitcamp1\AppData\Local\Microsoft\WindowsApps;;C:\Users\bitcamp1\AppData\Local\Programs\Microsoft VS Code\bin;C:\Users\bitcamp1\AppData\Roaming\npm;C:\Users\bitcamp1\.fly\bin;C:\Program Files\Java\jdk-17\bin
Check launcher:	C:\Program Files\Common Files\Oracle\Java\javapath\bin\javaw.exe (not found)
Check launcher:	C:\Python311\Scripts\bin\javaw.exe (not found)
Check launcher:	C:\Python311\bin\javaw.exe (not found)
Check launcher:	C:\WINDOWS\system32\bin\javaw.exe (not found)
Check launcher:	C:\WINDOWS\bin\javaw.exe (not found)
Check launcher:	C:\WINDOWS\System32\Wbem\bin\javaw.exe (not found)
Check launcher:	C:\WINDOWS\System32\WindowsPowerShell\v1.0\bin\javaw.exe (not found)
Check launcher:	C:\WINDOWS\System32\OpenSSH\bin\javaw.exe (not found)
Check launcher:	C:\Program Files\Git\cmd\bin\javaw.exe (not found)
Check launcher:	C:\Program Files\nodejs\bin\javaw.exe (not found)
Check launcher:	C:\ProgramData\chocolatey\bin\javaw.exe (not found)
Check launcher:	C:\Users\bitcamp1\AppData\Local\Microsoft\WindowsApps\bin\javaw.exe (not found)
Check launcher:	C:\Users\bitcamp1\AppData\Local\Programs\Microsoft VS Code\bin\javaw.exe (not found)
Check launcher:	C:\Users\bitcamp1\AppData\Roaming\npm\bin\javaw.exe (not found)
Check launcher:	C:\Users\bitcamp1\.fly\bin\javaw.exe (not found)
Check launcher:	C:\Program Files\Java\jdk-17\bin\javaw.exe (OK)
Version string: 1.017.000_006 / 64-Bit (OK)
Launcher:	C:\Program Files\Java\jdk-17\bin\javaw.exe
Launcher args:	-jar "C:\Users\bitcamp1\github\BuyWebCrawler\BuyWebCrawler.exe"
Args length:	63/32768 chars
Exit code:	0
